Active-HDL 9.1.2353.4205  2016-05-09 18:59:38

Elaboration top modules:
Architecture                  TB_ARCHITECTURE(microprocessor_tb)


---------------------------------------------------------------------------------------------------------------------------
Entity            | Architecture      | Library                    | Info | Compiler Version         | Compilation Options
---------------------------------------------------------------------------------------------------------------------------
microprocessor_tb | TB_ARCHITECTURE   | mpfsm_stack_sorting_design |      | 9.1.2353.4205  (Windows) | -O3
MicroProcessor    | beh               | mpfsm_stack_sorting_design |      | 9.1.2353.4205  (Windows) | -O3
MRAM              | mram_beh          | mpfsm_stack_sorting_design |      | 9.1.2353.4205  (Windows) | -O3
MROM              | beh_stack         | mpfsm_stack_sorting_design |      | 9.1.2353.4205  (Windows) | -O3
DPATH             | beh_stack         | mpfsm_stack_sorting_design |      | 9.1.2353.4205  (Windows) | -O3
CTRL1             | beh_stack         | mpfsm_stack_sorting_design |      | 9.1.2353.4205  (Windows) | -O3
Stack             | stack_behavioural | mpfsm_stack_sorting_design |      | 9.1.2353.4205  (Windows) | -O3
---------------------------------------------------------------------------------------------------------------------------

---------------------------------------------------------------------------------------------------------------------------
VHDL Package                          | Library                    | Info | Compiler Version         | Compilation Options
---------------------------------------------------------------------------------------------------------------------------
standard                              | std                        |      |                          | <unavailable>
TEXTIO                                | std                        |      | 9.1.2353.4205  (Windows) |  -2008
std_logic_1164                        | ieee                       |      | 9.1.2353.4205  (Windows) |  -2008
NUMERIC_STD                           | ieee                       |      | 9.1.2353.4205  (Windows) |  -2008
std_logic_arith                       | ieee                       |      | 9.1.2353.4205  (Windows) | 
STD_LOGIC_UNSIGNED                    | ieee                       |      | 9.1.2353.4205  (Windows) | 
commands                              | mpfsm_stack_sorting_design |      | 9.1.2353.4205  (Windows) | -O3
---------------------------------------------------------------------------------------------------------------------------

---------------------------------------------------------------------------------------------------------------------------
Library                               | Comment
---------------------------------------------------------------------------------------------------------------------------
ieee                                  | Standard IEEE packages library
mpfsm_stack_sorting_design            | None
std                                   | Standard VHDL library
---------------------------------------------------------------------------------------------------------------------------


Simulation Options: asim -O5 +access +r +m+microprocessor_tb microprocessor_tb TB_ARCHITECTURE

